
*** Running vivado
    with args -log main.vds -m64 -product Vivado -mode batch -messageDb vivado.pb -notrace -source main.tcl


****** Vivado v2018.3 (64-bit)
  **** SW Build 2405991 on Thu Dec  6 23:38:27 MST 2018
  **** IP Build 2404404 on Fri Dec  7 01:43:56 MST 2018
    ** Copyright 1986-2018 Xilinx, Inc. All Rights Reserved.

source main.tcl -notrace
Command: synth_design -top main -part xc7z010clg400-1
Starting synth_design
Attempting to get a license for feature 'Synthesis' and/or device 'xc7z010'
INFO: [Common 17-349] Got license for feature 'Synthesis' and/or device 'xc7z010'
INFO: Launching helper process for spawning children vivado processes
INFO: Helper process launched with PID 2556 
---------------------------------------------------------------------------------
Starting RTL Elaboration : Time (s): cpu = 00:00:02 ; elapsed = 00:00:02 . Memory (MB): peak = 436.547 ; gain = 98.039
---------------------------------------------------------------------------------
INFO: [Synth 8-638] synthesizing module 'main' [C:/Users/Apple/Desktop/FPGA_AP/pattern_with_timer/pattern_with_timer.srcs/sources_1/new/main.vhd:47]
INFO: [Synth 8-3491] module 'top' declared at 'C:/Users/Apple/Desktop/FPGA_AP/pattern_with_timer/pattern_with_timer.srcs/sources_1/new/top.vhd:34' bound to instance 'Inst_top' of component 'top' [C:/Users/Apple/Desktop/FPGA_AP/pattern_with_timer/pattern_with_timer.srcs/sources_1/new/main.vhd:97]
INFO: [Synth 8-638] synthesizing module 'top' [C:/Users/Apple/Desktop/FPGA_AP/pattern_with_timer/pattern_with_timer.srcs/sources_1/new/top.vhd:43]
INFO: [Synth 8-256] done synthesizing module 'top' (1#1) [C:/Users/Apple/Desktop/FPGA_AP/pattern_with_timer/pattern_with_timer.srcs/sources_1/new/top.vhd:43]
	Parameter N bound to: 26 - type: integer 
	Parameter M bound to: 50000000 - type: integer 
INFO: [Synth 8-3491] module 'mod_m_counter' declared at 'C:/Users/Apple/Desktop/FPGA_AP/pattern_with_timer/pattern_with_timer.srcs/sources_1/new/mod_m_counter.vhd:4' bound to instance 'Inst_mod_m_counter' of component 'mod_m_counter' [C:/Users/Apple/Desktop/FPGA_AP/pattern_with_timer/pattern_with_timer.srcs/sources_1/new/main.vhd:106]
INFO: [Synth 8-638] synthesizing module 'mod_m_counter' [C:/Users/Apple/Desktop/FPGA_AP/pattern_with_timer/pattern_with_timer.srcs/sources_1/new/mod_m_counter.vhd:15]
	Parameter N bound to: 26 - type: integer 
	Parameter M bound to: 50000000 - type: integer 
INFO: [Synth 8-256] done synthesizing module 'mod_m_counter' (2#1) [C:/Users/Apple/Desktop/FPGA_AP/pattern_with_timer/pattern_with_timer.srcs/sources_1/new/mod_m_counter.vhd:15]
	Parameter N bound to: 27 - type: integer 
	Parameter M bound to: 100000000 - type: integer 
INFO: [Synth 8-3491] module 'mod_m_counter' declared at 'C:/Users/Apple/Desktop/FPGA_AP/pattern_with_timer/pattern_with_timer.srcs/sources_1/new/mod_m_counter.vhd:4' bound to instance 'Inst_mod_m_counter2' of component 'mod_m_counter' [C:/Users/Apple/Desktop/FPGA_AP/pattern_with_timer/pattern_with_timer.srcs/sources_1/new/main.vhd:116]
INFO: [Synth 8-638] synthesizing module 'mod_m_counter__parameterized1' [C:/Users/Apple/Desktop/FPGA_AP/pattern_with_timer/pattern_with_timer.srcs/sources_1/new/mod_m_counter.vhd:15]
	Parameter N bound to: 27 - type: integer 
	Parameter M bound to: 100000000 - type: integer 
INFO: [Synth 8-256] done synthesizing module 'mod_m_counter__parameterized1' (2#1) [C:/Users/Apple/Desktop/FPGA_AP/pattern_with_timer/pattern_with_timer.srcs/sources_1/new/mod_m_counter.vhd:15]
WARNING: [Synth 8-6014] Unused sequential element sled_reg was removed.  [C:/Users/Apple/Desktop/FPGA_AP/pattern_with_timer/pattern_with_timer.srcs/sources_1/new/main.vhd:80]
INFO: [Synth 8-256] done synthesizing module 'main' (3#1) [C:/Users/Apple/Desktop/FPGA_AP/pattern_with_timer/pattern_with_timer.srcs/sources_1/new/main.vhd:47]
WARNING: [Synth 8-3917] design main has port en driven by constant 0
WARNING: [Synth 8-3331] design main has unconnected port sw1
---------------------------------------------------------------------------------
Finished RTL Elaboration : Time (s): cpu = 00:00:03 ; elapsed = 00:00:03 . Memory (MB): peak = 492.656 ; gain = 154.148
---------------------------------------------------------------------------------

Report Check Netlist: 
+------+------------------+-------+---------+-------+------------------+
|      |Item              |Errors |Warnings |Status |Description       |
+------+------------------+-------+---------+-------+------------------+
|1     |multi_driven_nets |      0|        0|Passed |Multi driven nets |
+------+------------------+-------+---------+-------+------------------+
---------------------------------------------------------------------------------
Start Handling Custom Attributes
---------------------------------------------------------------------------------
---------------------------------------------------------------------------------
Finished Handling Custom Attributes : Time (s): cpu = 00:00:03 ; elapsed = 00:00:03 . Memory (MB): peak = 492.656 ; gain = 154.148
---------------------------------------------------------------------------------
---------------------------------------------------------------------------------
Finished RTL Optimization Phase 1 : Time (s): cpu = 00:00:03 ; elapsed = 00:00:03 . Memory (MB): peak = 492.656 ; gain = 154.148
---------------------------------------------------------------------------------
INFO: [Device 21-403] Loading part xc7z010clg400-1
INFO: [Project 1-570] Preparing netlist for logic optimization

Processing XDC Constraints
Initializing timing engine
Parsing XDC File [C:/Users/Apple/Desktop/FPGA_AP/pattern_with_timer/pattern_with_timer.srcs/constrs_1/new/c.xdc]
Finished Parsing XDC File [C:/Users/Apple/Desktop/FPGA_AP/pattern_with_timer/pattern_with_timer.srcs/constrs_1/new/c.xdc]
INFO: [Project 1-236] Implementation specific constraints were found while reading constraint file [C:/Users/Apple/Desktop/FPGA_AP/pattern_with_timer/pattern_with_timer.srcs/constrs_1/new/c.xdc]. These constraints will be ignored for synthesis but will be used in implementation. Impacted constraints are listed in the file [.Xil/main_propImpl.xdc].
Resolution: To avoid this warning, move constraints listed in [.Xil/main_propImpl.xdc] to another XDC file and exclude this new file from synthesis with the used_in_synthesis property (File Properties dialog in GUI) and re-run elaboration/synthesis.
Netlist sorting complete. Time (s): cpu = 00:00:00 ; elapsed = 00:00:00 . Memory (MB): peak = 804.480 ; gain = 0.000
Completed Processing XDC Constraints

Netlist sorting complete. Time (s): cpu = 00:00:00 ; elapsed = 00:00:00 . Memory (MB): peak = 804.480 ; gain = 0.000
INFO: [Project 1-111] Unisim Transformation Summary:
No Unisim elements were transformed.

Netlist sorting complete. Time (s): cpu = 00:00:00 ; elapsed = 00:00:00 . Memory (MB): peak = 804.480 ; gain = 0.000
Constraint Validation Runtime : Time (s): cpu = 00:00:00 ; elapsed = 00:00:00.008 . Memory (MB): peak = 804.480 ; gain = 0.000
---------------------------------------------------------------------------------
Finished Constraint Validation : Time (s): cpu = 00:00:10 ; elapsed = 00:00:11 . Memory (MB): peak = 804.480 ; gain = 465.973
---------------------------------------------------------------------------------
---------------------------------------------------------------------------------
Start Loading Part and Timing Information
---------------------------------------------------------------------------------
Loading part: xc7z010clg400-1
---------------------------------------------------------------------------------
Finished Loading Part and Timing Information : Time (s): cpu = 00:00:10 ; elapsed = 00:00:11 . Memory (MB): peak = 804.480 ; gain = 465.973
---------------------------------------------------------------------------------
---------------------------------------------------------------------------------
Start Applying 'set_property' XDC Constraints
---------------------------------------------------------------------------------
---------------------------------------------------------------------------------
Finished applying 'set_property' XDC Constraints : Time (s): cpu = 00:00:10 ; elapsed = 00:00:11 . Memory (MB): peak = 804.480 ; gain = 465.973
---------------------------------------------------------------------------------
INFO: [Synth 8-802] inferred FSM for state register 'Present_State_reg' in module 'top'
INFO: [Synth 8-5545] ROM "max_tick" won't be mapped to RAM because address size (26) is larger than maximum supported(25)
INFO: [Synth 8-5545] ROM "max_tick" won't be mapped to RAM because address size (27) is larger than maximum supported(25)
---------------------------------------------------------------------------------------------------
                   State |                     New Encoding |                Previous Encoding 
---------------------------------------------------------------------------------------------------
                      s0 |                           000001 |                              000
                      s1 |                           000010 |                              001
                      s2 |                           000100 |                              010
                      s3 |                           001000 |                              011
                      s4 |                           010000 |                              100
                      s5 |                           100000 |                              101
---------------------------------------------------------------------------------------------------
INFO: [Synth 8-3354] encoded FSM with state register 'Present_State_reg' using encoding 'one-hot' in module 'top'
---------------------------------------------------------------------------------
Finished RTL Optimization Phase 2 : Time (s): cpu = 00:00:11 ; elapsed = 00:00:12 . Memory (MB): peak = 804.480 ; gain = 465.973
---------------------------------------------------------------------------------

Report RTL Partitions: 
+-+--------------+------------+----------+
| |RTL Partition |Replication |Instances |
+-+--------------+------------+----------+
+-+--------------+------------+----------+
---------------------------------------------------------------------------------
Start RTL Component Statistics 
---------------------------------------------------------------------------------
Detailed RTL Component Info : 
+---Adders : 
	   2 Input     27 Bit       Adders := 1     
	   2 Input     26 Bit       Adders := 1     
+---Registers : 
	               27 Bit    Registers := 1     
	               26 Bit    Registers := 1     
	                1 Bit    Registers := 1     
+---Muxes : 
	   2 Input     27 Bit        Muxes := 1     
	   2 Input     26 Bit        Muxes := 1     
	   6 Input      4 Bit        Muxes := 1     
	   2 Input      1 Bit        Muxes := 3     
---------------------------------------------------------------------------------
Finished RTL Component Statistics 
---------------------------------------------------------------------------------
---------------------------------------------------------------------------------
Start RTL Hierarchical Component Statistics 
---------------------------------------------------------------------------------
Hierarchical RTL Component report 
Module main 
Detailed RTL Component Info : 
+---Registers : 
	                1 Bit    Registers := 1     
+---Muxes : 
	   2 Input      1 Bit        Muxes := 1     
Module top 
Detailed RTL Component Info : 
+---Muxes : 
	   6 Input      4 Bit        Muxes := 1     
Module mod_m_counter 
Detailed RTL Component Info : 
+---Adders : 
	   2 Input     26 Bit       Adders := 1     
+---Registers : 
	               26 Bit    Registers := 1     
+---Muxes : 
	   2 Input     26 Bit        Muxes := 1     
	   2 Input      1 Bit        Muxes := 1     
Module mod_m_counter__parameterized1 
Detailed RTL Component Info : 
+---Adders : 
	   2 Input     27 Bit       Adders := 1     
+---Registers : 
	               27 Bit    Registers := 1     
+---Muxes : 
	   2 Input     27 Bit        Muxes := 1     
	   2 Input      1 Bit        Muxes := 1     
---------------------------------------------------------------------------------
Finished RTL Hierarchical Component Statistics
---------------------------------------------------------------------------------
---------------------------------------------------------------------------------
Start Part Resource Summary
---------------------------------------------------------------------------------
Part Resources:
DSPs: 80 (col length:40)
BRAMs: 120 (col length: RAMB18 40 RAMB36 20)
---------------------------------------------------------------------------------
Finished Part Resource Summary
---------------------------------------------------------------------------------
---------------------------------------------------------------------------------
Start Cross Boundary and Area Optimization
---------------------------------------------------------------------------------
Warning: Parallel synthesis criteria is not met 
INFO: [Synth 8-5545] ROM "Inst_mod_m_counter/max_tick" won't be mapped to RAM because address size (26) is larger than maximum supported(25)
INFO: [Synth 8-5545] ROM "Inst_mod_m_counter2/max_tick" won't be mapped to RAM because address size (27) is larger than maximum supported(25)
INFO: [Synth 8-5545] ROM "Inst_mod_m_counter2/max_tick" won't be mapped to RAM because address size (27) is larger than maximum supported(25)
INFO: [Synth 8-5545] ROM "Inst_mod_m_counter/max_tick" won't be mapped to RAM because address size (26) is larger than maximum supported(25)
WARNING: [Synth 8-3917] design main has port en driven by constant 0
WARNING: [Synth 8-3331] design main has unconnected port sw1
---------------------------------------------------------------------------------
Finished Cross Boundary and Area Optimization : Time (s): cpu = 00:00:12 ; elapsed = 00:00:13 . Memory (MB): peak = 804.480 ; gain = 465.973
---------------------------------------------------------------------------------

Report RTL Partitions: 
+-+--------------+------------+----------+
| |RTL Partition |Replication |Instances |
+-+--------------+------------+----------+
+-+--------------+------------+----------+
---------------------------------------------------------------------------------
Start Applying XDC Timing Constraints
---------------------------------------------------------------------------------
---------------------------------------------------------------------------------
Finished Applying XDC Timing Constraints : Time (s): cpu = 00:00:19 ; elapsed = 00:00:20 . Memory (MB): peak = 821.793 ; gain = 483.285
---------------------------------------------------------------------------------
---------------------------------------------------------------------------------
Start Timing Optimization
---------------------------------------------------------------------------------
---------------------------------------------------------------------------------
Finished Timing Optimization : Time (s): cpu = 00:00:19 ; elapsed = 00:00:20 . Memory (MB): peak = 821.867 ; gain = 483.359
---------------------------------------------------------------------------------

Report RTL Partitions: 
+-+--------------+------------+----------+
| |RTL Partition |Replication |Instances |
+-+--------------+------------+----------+
+-+--------------+------------+----------+
---------------------------------------------------------------------------------
Start Technology Mapping
---------------------------------------------------------------------------------
---------------------------------------------------------------------------------
Finished Technology Mapping : Time (s): cpu = 00:00:19 ; elapsed = 00:00:20 . Memory (MB): peak = 831.934 ; gain = 493.426
---------------------------------------------------------------------------------

Report RTL Partitions: 
+-+--------------+------------+----------+
| |RTL Partition |Replication |Instances |
+-+--------------+------------+----------+
+-+--------------+------------+----------+
---------------------------------------------------------------------------------
Start IO Insertion
---------------------------------------------------------------------------------
---------------------------------------------------------------------------------
Start Flattening Before IO Insertion
---------------------------------------------------------------------------------
---------------------------------------------------------------------------------
Finished Flattening Before IO Insertion
---------------------------------------------------------------------------------
---------------------------------------------------------------------------------
Start Final Netlist Cleanup
---------------------------------------------------------------------------------
---------------------------------------------------------------------------------
Finished Final Netlist Cleanup
---------------------------------------------------------------------------------
---------------------------------------------------------------------------------
Finished IO Insertion : Time (s): cpu = 00:00:20 ; elapsed = 00:00:21 . Memory (MB): peak = 831.934 ; gain = 493.426
---------------------------------------------------------------------------------

Report Check Netlist: 
+------+------------------+-------+---------+-------+------------------+
|      |Item              |Errors |Warnings |Status |Description       |
+------+------------------+-------+---------+-------+------------------+
|1     |multi_driven_nets |      0|        0|Passed |Multi driven nets |
+------+------------------+-------+---------+-------+------------------+
---------------------------------------------------------------------------------
Start Renaming Generated Instances
---------------------------------------------------------------------------------
---------------------------------------------------------------------------------
Finished Renaming Generated Instances : Time (s): cpu = 00:00:20 ; elapsed = 00:00:21 . Memory (MB): peak = 831.934 ; gain = 493.426
---------------------------------------------------------------------------------

Report RTL Partitions: 
+-+--------------+------------+----------+
| |RTL Partition |Replication |Instances |
+-+--------------+------------+----------+
+-+--------------+------------+----------+
---------------------------------------------------------------------------------
Start Rebuilding User Hierarchy
---------------------------------------------------------------------------------
---------------------------------------------------------------------------------
Finished Rebuilding User Hierarchy : Time (s): cpu = 00:00:20 ; elapsed = 00:00:21 . Memory (MB): peak = 831.934 ; gain = 493.426
---------------------------------------------------------------------------------
---------------------------------------------------------------------------------
Start Renaming Generated Ports
---------------------------------------------------------------------------------
---------------------------------------------------------------------------------
Finished Renaming Generated Ports : Time (s): cpu = 00:00:20 ; elapsed = 00:00:21 . Memory (MB): peak = 831.934 ; gain = 493.426
---------------------------------------------------------------------------------
---------------------------------------------------------------------------------
Start Handling Custom Attributes
---------------------------------------------------------------------------------
---------------------------------------------------------------------------------
Finished Handling Custom Attributes : Time (s): cpu = 00:00:20 ; elapsed = 00:00:21 . Memory (MB): peak = 831.934 ; gain = 493.426
---------------------------------------------------------------------------------
---------------------------------------------------------------------------------
Start Renaming Generated Nets
---------------------------------------------------------------------------------
---------------------------------------------------------------------------------
Finished Renaming Generated Nets : Time (s): cpu = 00:00:20 ; elapsed = 00:00:21 . Memory (MB): peak = 831.934 ; gain = 493.426
---------------------------------------------------------------------------------
---------------------------------------------------------------------------------
Start Writing Synthesis Report
---------------------------------------------------------------------------------

Report BlackBoxes: 
+-+--------------+----------+
| |BlackBox name |Instances |
+-+--------------+----------+
+-+--------------+----------+

Report Cell Usage: 
+------+-------+------+
|      |Cell   |Count |
+------+-------+------+
|1     |BUFG   |     1|
|2     |CARRY4 |    14|
|3     |LUT1   |     4|
|4     |LUT2   |     2|
|5     |LUT3   |     2|
|6     |LUT4   |    10|
|7     |LUT5   |     3|
|8     |LUT6   |     3|
|9     |FDRE   |    59|
|10    |FDSE   |     1|
|11    |IBUF   |     4|
|12    |OBUF   |     7|
+------+-------+------+

Report Instance Areas: 
+------+----------------------+------------------------------+------+
|      |Instance              |Module                        |Cells |
+------+----------------------+------------------------------+------+
|1     |top                   |                              |   110|
|2     |  Inst_mod_m_counter  |mod_m_counter                 |    42|
|3     |  Inst_mod_m_counter2 |mod_m_counter__parameterized1 |    44|
|4     |  Inst_top            |top                           |    10|
+------+----------------------+------------------------------+------+
---------------------------------------------------------------------------------
Finished Writing Synthesis Report : Time (s): cpu = 00:00:20 ; elapsed = 00:00:21 . Memory (MB): peak = 831.934 ; gain = 493.426
---------------------------------------------------------------------------------
Synthesis finished with 0 errors, 0 critical warnings and 2 warnings.
Synthesis Optimization Runtime : Time (s): cpu = 00:00:12 ; elapsed = 00:00:16 . Memory (MB): peak = 831.934 ; gain = 181.602
Synthesis Optimization Complete : Time (s): cpu = 00:00:20 ; elapsed = 00:00:21 . Memory (MB): peak = 831.934 ; gain = 493.426
INFO: [Project 1-571] Translating synthesized netlist
INFO: [Netlist 29-17] Analyzing 14 Unisim elements for replacement
INFO: [Netlist 29-28] Unisim Transformation completed in 0 CPU seconds
INFO: [Project 1-570] Preparing netlist for logic optimization
INFO: [Opt 31-138] Pushed 0 inverter(s) to 0 load pin(s).
Netlist sorting complete. Time (s): cpu = 00:00:00 ; elapsed = 00:00:00.001 . Memory (MB): peak = 840.543 ; gain = 0.000
INFO: [Project 1-111] Unisim Transformation Summary:
No Unisim elements were transformed.

INFO: [Common 17-83] Releasing license: Synthesis
31 Infos, 5 Warnings, 0 Critical Warnings and 0 Errors encountered.
synth_design completed successfully
synth_design: Time (s): cpu = 00:00:22 ; elapsed = 00:00:23 . Memory (MB): peak = 840.543 ; gain = 515.141
Netlist sorting complete. Time (s): cpu = 00:00:00 ; elapsed = 00:00:00 . Memory (MB): peak = 840.543 ; gain = 0.000
WARNING: [Constraints 18-5210] No constraints selected for write.
Resolution: This message can indicate that there are no constraints for the design, or it can indicate that the used_in flags are set such that the constraints are ignored. This later case is used when running synth_design to not write synthesis constraints to the resulting checkpoint. Instead, project constraints are read when the synthesized design is opened.
INFO: [Common 17-1381] The checkpoint 'C:/Users/Apple/Desktop/FPGA_AP/pattern_with_timer/pattern_with_timer.runs/synth_1/main.dcp' has been generated.
INFO: [runtcl-4] Executing : report_utilization -file main_utilization_synth.rpt -pb main_utilization_synth.pb
INFO: [Common 17-206] Exiting Vivado at Thu Nov 28 05:31:24 2024...
